<?xml version="1.0" encoding="UTF-8"?>
<!-- Generated by org.testng.reporters.JUnitXMLReporter -->
<testsuite ignored="0" hostname="Raji" failures="0" tests="4" name="ChromeLoginTests" time="20.174" errors="0" timestamp="2026-05-21T13:37:49 PDT">
  <testcase classname="com.myproject.tests.LoginTest" name="tc01_validLoginTest" time="3.655"/>
  <testcase classname="com.myproject.tests.LoginTest" name="tc02_invalidPasswordTest" time="4.237"/>
  <testcase classname="com.myproject.tests.LoginTest" name="tc03_blankUsernameTest" time="2.825"/>
  <testcase classname="com.myproject.tests.LoginTest" name="tc04_logoutTest" time="3.161"/>
</testsuite> <!-- ChromeLoginTests -->
