<?xml version="1.0" encoding="UTF-8"?>
<testng-results ignored="0" total="4" passed="4" failed="0" skipped="0">
  <reporter-output>
  </reporter-output>
  <suite started-at="2026-05-21T13:37:29 PDT" name="LoginRegressionSuite" finished-at="2026-05-21T13:37:49 PDT" duration-ms="20174">
    <groups>
    </groups>
    <test started-at="2026-05-21T13:37:29 PDT" name="ChromeLoginTests" finished-at="2026-05-21T13:37:49 PDT" duration-ms="20174">
      <class name="com.myproject.tests.LoginTest">
        <test-method is-config="true" signature="setUp()[pri:0, instance:com.myproject.tests.LoginTest@9225652]" started-at="2026-05-21T13:37:29 PDT" name="setUp" finished-at="2026-05-21T13:37:32 PDT" duration-ms="2703" status="PASS">
          <reporter-output>
          </reporter-output>
        </test-method> <!-- setUp -->
        <test-method is-config="true" signature="initPages()[pri:0, instance:com.myproject.tests.LoginTest@9225652]" started-at="2026-05-21T13:37:32 PDT" name="initPages" finished-at="2026-05-21T13:37:32 PDT" duration-ms="15" status="PASS">
          <reporter-output>
          </reporter-output>
        </test-method> <!-- initPages -->
        <test-method signature="tc01_validLoginTest()[pri:0, instance:com.myproject.tests.LoginTest@9225652]" started-at="2026-05-21T13:37:32 PDT" name="tc01_validLoginTest" description="Valid login navigates to Secure Area" finished-at="2026-05-21T13:37:35 PDT" duration-ms="3655" status="PASS">
          <reporter-output>
          </reporter-output>
        </test-method> <!-- tc01_validLoginTest -->
        <test-method is-config="true" signature="tearDown(org.testng.ITestResult)[pri:0, instance:com.myproject.tests.LoginTest@9225652]" started-at="2026-05-21T13:37:36 PDT" name="tearDown" finished-at="2026-05-21T13:37:36 PDT" duration-ms="242" status="PASS">
          <params>
            <param index="0">
              <value>
                <![CDATA[[TestResult name=tc01_validLoginTest status=SUCCESS method=LoginTest.tc01_validLoginTest()[pri:0, instance:com.myproject.tests.LoginTest@9225652] output={null}]]]>
              </value>
            </param>
          </params>
          <reporter-output>
          </reporter-output>
        </test-method> <!-- tearDown -->
        <test-method is-config="true" signature="setUp()[pri:0, instance:com.myproject.tests.LoginTest@9225652]" started-at="2026-05-21T13:37:36 PDT" name="setUp" finished-at="2026-05-21T13:37:37 PDT" duration-ms="860" status="PASS">
          <reporter-output>
          </reporter-output>
        </test-method> <!-- setUp -->
        <test-method signature="tc02_invalidPasswordTest()[pri:0, instance:com.myproject.tests.LoginTest@9225652]" started-at="2026-05-21T13:37:37 PDT" name="tc02_invalidPasswordTest" description="Invalid password shows error message" finished-at="2026-05-21T13:37:41 PDT" duration-ms="4237" status="PASS">
          <reporter-output>
          </reporter-output>
        </test-method> <!-- tc02_invalidPasswordTest -->
        <test-method is-config="true" signature="initPages()[pri:0, instance:com.myproject.tests.LoginTest@9225652]" started-at="2026-05-21T13:37:37 PDT" name="initPages" finished-at="2026-05-21T13:37:37 PDT" duration-ms="0" status="PASS">
          <reporter-output>
          </reporter-output>
        </test-method> <!-- initPages -->
        <test-method is-config="true" signature="tearDown(org.testng.ITestResult)[pri:0, instance:com.myproject.tests.LoginTest@9225652]" started-at="2026-05-21T13:37:41 PDT" name="tearDown" finished-at="2026-05-21T13:37:41 PDT" duration-ms="243" status="PASS">
          <params>
            <param index="0">
              <value>
                <![CDATA[[TestResult name=tc02_invalidPasswordTest status=SUCCESS method=LoginTest.tc02_invalidPasswordTest()[pri:0, instance:com.myproject.tests.LoginTest@9225652] output={null}]]]>
              </value>
            </param>
          </params>
          <reporter-output>
          </reporter-output>
        </test-method> <!-- tearDown -->
        <test-method is-config="true" signature="setUp()[pri:0, instance:com.myproject.tests.LoginTest@9225652]" started-at="2026-05-21T13:37:41 PDT" name="setUp" finished-at="2026-05-21T13:37:42 PDT" duration-ms="795" status="PASS">
          <reporter-output>
          </reporter-output>
        </test-method> <!-- setUp -->
        <test-method is-config="true" signature="initPages()[pri:0, instance:com.myproject.tests.LoginTest@9225652]" started-at="2026-05-21T13:37:42 PDT" name="initPages" finished-at="2026-05-21T13:37:42 PDT" duration-ms="5" status="PASS">
          <reporter-output>
          </reporter-output>
        </test-method> <!-- initPages -->
        <test-method signature="tc03_blankUsernameTest()[pri:0, instance:com.myproject.tests.LoginTest@9225652]" started-at="2026-05-21T13:37:42 PDT" name="tc03_blankUsernameTest" description="Blank username shows error message" finished-at="2026-05-21T13:37:45 PDT" duration-ms="2825" status="PASS">
          <reporter-output>
          </reporter-output>
        </test-method> <!-- tc03_blankUsernameTest -->
        <test-method is-config="true" signature="tearDown(org.testng.ITestResult)[pri:0, instance:com.myproject.tests.LoginTest@9225652]" started-at="2026-05-21T13:37:45 PDT" name="tearDown" finished-at="2026-05-21T13:37:45 PDT" duration-ms="195" status="PASS">
          <params>
            <param index="0">
              <value>
                <![CDATA[[TestResult name=tc03_blankUsernameTest status=SUCCESS method=LoginTest.tc03_blankUsernameTest()[pri:0, instance:com.myproject.tests.LoginTest@9225652] output={null}]]]>
              </value>
            </param>
          </params>
          <reporter-output>
          </reporter-output>
        </test-method> <!-- tearDown -->
        <test-method is-config="true" signature="setUp()[pri:0, instance:com.myproject.tests.LoginTest@9225652]" started-at="2026-05-21T13:37:45 PDT" name="setUp" finished-at="2026-05-21T13:37:46 PDT" duration-ms="869" status="PASS">
          <reporter-output>
          </reporter-output>
        </test-method> <!-- setUp -->
        <test-method is-config="true" signature="initPages()[pri:0, instance:com.myproject.tests.LoginTest@9225652]" started-at="2026-05-21T13:37:46 PDT" name="initPages" finished-at="2026-05-21T13:37:46 PDT" duration-ms="2" status="PASS">
          <reporter-output>
          </reporter-output>
        </test-method> <!-- initPages -->
        <test-method signature="tc04_logoutTest()[pri:0, instance:com.myproject.tests.LoginTest@9225652]" started-at="2026-05-21T13:37:46 PDT" name="tc04_logoutTest" description="User can log out after logging in" finished-at="2026-05-21T13:37:49 PDT" duration-ms="3161" status="PASS">
          <reporter-output>
          </reporter-output>
        </test-method> <!-- tc04_logoutTest -->
        <test-method is-config="true" signature="tearDown(org.testng.ITestResult)[pri:0, instance:com.myproject.tests.LoginTest@9225652]" started-at="2026-05-21T13:37:49 PDT" name="tearDown" finished-at="2026-05-21T13:37:49 PDT" duration-ms="219" status="PASS">
          <params>
            <param index="0">
              <value>
                <![CDATA[[TestResult name=tc04_logoutTest status=SUCCESS method=LoginTest.tc04_logoutTest()[pri:0, instance:com.myproject.tests.LoginTest@9225652] output={null}]]]>
              </value>
            </param>
          </params>
          <reporter-output>
          </reporter-output>
        </test-method> <!-- tearDown -->
        <test-method is-config="true" signature="tearDownSuite()[pri:0, instance:com.myproject.tests.LoginTest@9225652]" started-at="2026-05-21T13:37:49 PDT" name="tearDownSuite" finished-at="2026-05-21T13:37:50 PDT" duration-ms="667" status="PASS">
          <reporter-output>
          </reporter-output>
        </test-method> <!-- tearDownSuite -->
      </class> <!-- com.myproject.tests.LoginTest -->
    </test> <!-- ChromeLoginTests -->
  </suite> <!-- LoginRegressionSuite -->
</testng-results>
