<?xml version="1.0" encoding="UTF-8"?>
<!-- Generated by org.testng.reporters.JUnitReportReporter -->
<testsuite hostname="Raji" failures="0" tests="4" name="com.myproject.tests.LoginTest" time="20.026" errors="0" timestamp="2026-05-21T13:37:50 PDT" skipped="0">
  <testcase classname="com.myproject.tests.LoginTest" name="tc02_invalidPasswordTest" time="7.150"/>
  <testcase classname="com.myproject.tests.LoginTest" name="tc04_logoutTest" time="4.249"/>
  <testcase classname="com.myproject.tests.LoginTest" name="tc01_validLoginTest" time="4.760"/>
  <testcase classname="com.myproject.tests.LoginTest" name="tc03_blankUsernameTest" time="3.867"/>
</testsuite> <!-- com.myproject.tests.LoginTest -->
